[debug] [2024-02-04T23:36:25.814Z] ----------------------------------------------------------------------
[debug] [2024-02-04T23:36:25.816Z] Command:       C:\Users\louis\Desktop\firebase-tools-instant-win.exe C:\Users\louis\.cache\firebase\tools\lib\node_modules\firebase-tools\lib\bin\firebase init
[debug] [2024-02-04T23:36:25.818Z] CLI Version:   13.1.0
[debug] [2024-02-04T23:36:25.818Z] Platform:      win32
[debug] [2024-02-04T23:36:25.819Z] Node Version:  v18.5.0
[debug] [2024-02-04T23:36:25.819Z] Time:          Sun Feb 04 2024 15:36:25 GMT-0800 (Pacific Standard Time)
[debug] [2024-02-04T23:36:25.819Z] ----------------------------------------------------------------------
[debug] 
[debug] [2024-02-04T23:36:25.829Z] > command requires scopes: ["email","openid","https://www.googleapis.com/auth/cloudplatformprojects.readonly","https://www.googleapis.com/auth/firebase","https://www.googleapis.com/auth/cloud-platform"]
[debug] [2024-02-04T23:36:25.830Z] > authorizing via signed-in user (louisshenderson@gmail.com)
[info] 
     ######## #### ########  ######## ########     ###     ######  ########
     ##        ##  ##     ## ##       ##     ##  ##   ##  ##       ##
     ######    ##  ########  ######   ########  #########  ######  ######
     ##        ##  ##    ##  ##       ##     ## ##     ##       ## ##
     ##       #### ##     ## ######## ########  ##     ##  ######  ########

You're about to initialize a Firebase project in this directory:

  C:\Users\louis\OneDrive - Nexus365\Oxford DPhil ESH (2019-)\Oxford_Website\templated-privy

[info] 
=== Project Setup
[info] 
[info] First, let's associate this project directory with a Firebase project.
[info] You can create multiple project aliases by running firebase use --add, 
[info] but for now we'll just set up a default project.
[info] 
[info] i  If you want to create a project in a Google Cloud organization or folder, please use "firebase projects:create" instead, and return to this command when you've created the project. 
